<?xml version="1.0" encoding="UTF-8"?>
<!-- Generated by org.testng.reporters.JUnitXMLReporter -->
<testsuite ignored="0" hostname="LTIN173527" failures="0" tests="5" name="Default test" time="0.098" errors="0" timestamp="2024-03-05T10:19:58 IST">
  <testcase classname="testBase.BaseClass" name="@BeforeClass setup" time="-1.709614197934E9">
    <failure type="org.testng.TestNGException" message="
Parameter &amp;apos;os&amp;apos; is required by BeforeClass on method setup but has not been marked @Optional or defined
in C:\Users\2304036\AppData\Local\Temp\3\testng-eclipse-242704577\testng-customsuite.xml">
      <![CDATA[org.testng.TestNGException: 
Parameter 'os' is required by BeforeClass on method setup but has not been marked @Optional or defined
in C:\Users\2304036\AppData\Local\Temp\3\testng-eclipse-242704577\testng-customsuite.xml
at org.testng.internal.Parameters.createParams(Parameters.java:270)
at org.testng.internal.Parameters.createParametersForMethod(Parameters.java:358)
at org.testng.internal.Parameters.createParameters(Parameters.java:700)
at org.testng.internal.Parameters.createConfigurationParameters(Parameters.java:168)
at org.testng.internal.ConfigInvoker.invokeConfigurations(ConfigInvoker.java:302)
at org.testng.internal.TestMethodWorker.invokeBeforeClassMethods(TestMethodWorker.java:176)
at org.testng.internal.TestMethodWorker.run(TestMethodWorker.java:122)
at java.base/java.util.ArrayList.forEach(ArrayList.java:1511)
at org.testng.TestRunner.privateRun(TestRunner.java:794)
at org.testng.TestRunner.run(TestRunner.java:596)
at org.testng.SuiteRunner.runTest(SuiteRunner.java:377)
at org.testng.SuiteRunner.runSequentially(SuiteRunner.java:371)
at org.testng.SuiteRunner.privateRun(SuiteRunner.java:332)
at org.testng.SuiteRunner.run(SuiteRunner.java:276)
at org.testng.SuiteRunnerWorker.runSuite(SuiteRunnerWorker.java:53)
at org.testng.SuiteRunnerWorker.run(SuiteRunnerWorker.java:96)
at org.testng.TestNG.runSuitesSequentially(TestNG.java:1212)
at org.testng.TestNG.runSuitesLocally(TestNG.java:1134)
at org.testng.TestNG.runSuites(TestNG.java:1063)
at org.testng.TestNG.run(TestNG.java:1031)
at org.testng.remote.AbstractRemoteTestNG.run(AbstractRemoteTestNG.java:115)
at org.testng.remote.RemoteTestNG.initAndRun(RemoteTestNG.java:251)
at org.testng.remote.RemoteTestNG.main(RemoteTestNG.java:77)
]]>
    </failure>
  </testcase> <!-- @BeforeClass setup -->
  <testcase classname="testBase.BaseClass" name="@AfterClass tearDown" time="-1.709614198001E9">
    <skipped/>
  </testcase> <!-- @AfterClass tearDown -->
  <testcase classname="testCases.TC03_WellNess" name="T001_goToCorporates" time="0.0">
    <skipped/>
  </testcase> <!-- T001_goToCorporates -->
  <testcase classname="testCases.TC03_WellNess" name="T002_validateCorporate" time="0.0">
    <skipped/>
  </testcase> <!-- T002_validateCorporate -->
  <testcase classname="testCases.TC03_WellNess" name="T003_sendDetails" time="0.0">
    <skipped/>
  </testcase> <!-- T003_sendDetails -->
  <testcase classname="testCases.TC03_WellNess" name="T004_VerifyMsg" time="0.0">
    <skipped/>
  </testcase> <!-- T004_VerifyMsg -->
  <testcase classname="testCases.TC03_WellNess" name="T005_MsgScreenshot" time="0.0">
    <skipped/>
  </testcase> <!-- T005_MsgScreenshot -->
</testsuite> <!-- Default test -->
